<?xml version="1.0" encoding="UTF-8"?>
<!-- Generated by org.testng.reporters.JUnitXMLReporter -->
<testsuite ignored="2" hostname="Sonaji-SFIN1210" failures="0" tests="1" name="Test" time="95.259" errors="0" timestamp="2023-01-24T14:21:22 IST">
  <testcase classname="testCases.SD_001_Verify_Add_To_Cart" name="SD001_VerifyAddToCart" time="91.666"/>
  <testcase classname="snapdeal.app.TestBase" name="@BeforeTest iniExtentReport" time="0.0">
    <ignored/>
  </testcase> <!-- @BeforeTest iniExtentReport -->
  <testcase classname="snapdeal.app.TestBase" name="@AfterTest closeSuite" time="0.0">
    <ignored/>
  </testcase> <!-- @AfterTest closeSuite -->
</testsuite> <!-- Test -->
